<?xml version="1.0" encoding="UTF-8"?>
<!-- Generated by org.testng.reporters.JUnitXMLReporter -->
<testsuite hostname="KDC1B-D-D0TJX52" ignored="0" name="Regression suite 1" tests="5" failures="0" timestamp="2019-04-05T14:45:37 IST" time="358.046" errors="0">
  <testcase name="loginSalesforce" time="68.911" classname="com.BSC.framework.EUPotentialApprovalMatrix"/>
  <testcase name="searchAndSelect" time="53.703" classname="com.BSC.framework.EUPotentialApprovalMatrix"/>
  <testcase name="switchAndClickPotential" time="62.26" classname="com.BSC.framework.EUPotentialApprovalMatrix"/>
  <testcase name="logOutAndLoginAsAdmin" time="50.39" classname="com.BSC.framework.EUPotentialApprovalMatrix"/>
  <testcase name="searchPotentialsAndApprove" time="84.696" classname="com.BSC.framework.EUPotentialApprovalMatrix"/>
</testsuite> <!-- Regression suite 1 -->
